<?xml version="1.0" encoding="UTF-8"?>
<testsuite name="WithDoubleTest" tests="2" skipped="0" failures="0" errors="0" timestamp="2018-03-29T16:05:04" hostname="alexsav-Lenovo-ideapad-320-15IKB" time="0.022">
  <properties/>
  <testcase name="testPurchaseGoods_Double" classname="WithDoubleTest" time="0.003"/>
  <testcase name="testPurchaseGoods_Double" classname="WithDoubleTest" time="0.0"/>
  <system-out><![CDATA[]]></system-out>
  <system-err><![CDATA[]]></system-err>
</testsuite>
