<?xml version="1.0" encoding="UTF-8"?>
<testsuite name="PalindromTestSuite.TestSuite" tests="0" skipped="0" failures="0" errors="0" timestamp="1970-01-01T00:00:00" hostname="alexsav-Lenovo-ideapad-320-15IKB" time="0.0">
  <properties/>
  <system-out><![CDATA[Testing the palindrome function ...
Basic Scenarios:
Strings with digits:
Ignoring Cases:
Testing empty string:
Ignoring Non Word Characters:
Advanced Scenarios:
Testing string with one character:
Testing has been completed !
]]></system-out>
  <system-err><![CDATA[]]></system-err>
</testsuite>
