<?xml version="1.0" encoding="UTF-8"?>
<testsuite name="PalindromTestSuite.StringWithOneChar" tests="2" skipped="0" failures="0" errors="0" timestamp="2018-03-29T09:34:13" hostname="alexsav-Lenovo-ideapad-320-15IKB" time="0.099">
  <properties/>
  <testcase name="testStringWithOneChar" classname="PalindromTestSuite.StringWithOneChar" time="0.001"/>
  <testcase name="testStringWithOneChar" classname="PalindromTestSuite.StringWithOneChar" time="0.003"/>
  <system-out><![CDATA[Testing string with one character:
]]></system-out>
  <system-err><![CDATA[]]></system-err>
</testsuite>
