<?xml version="1.0" encoding="UTF-8"?>
<testsuite name="PalindromTestSuite.StringWithDigits" tests="8" skipped="0" failures="0" errors="0" timestamp="2018-03-29T09:34:13" hostname="alexsav-Lenovo-ideapad-320-15IKB" time="0.07">
  <properties/>
  <testcase name="testIgnoringCases[0]" classname="PalindromTestSuite.StringWithDigits" time="0.0"/>
  <testcase name="testIgnoringCases[1]" classname="PalindromTestSuite.StringWithDigits" time="0.006"/>
  <testcase name="testIgnoringCases[2]" classname="PalindromTestSuite.StringWithDigits" time="0.0"/>
  <testcase name="testIgnoringCases[3]" classname="PalindromTestSuite.StringWithDigits" time="0.001"/>
  <testcase name="testIgnoringCases[0]" classname="PalindromTestSuite.StringWithDigits" time="0.0"/>
  <testcase name="testIgnoringCases[1]" classname="PalindromTestSuite.StringWithDigits" time="0.0"/>
  <testcase name="testIgnoringCases[2]" classname="PalindromTestSuite.StringWithDigits" time="0.001"/>
  <testcase name="testIgnoringCases[3]" classname="PalindromTestSuite.StringWithDigits" time="0.0"/>
  <system-out><![CDATA[Strings with digits:
]]></system-out>
  <system-err><![CDATA[]]></system-err>
</testsuite>
