<?xml version="1.0" encoding="UTF-8"?>
<testsuite name="PalindromTestSuite.BasicScenarios" tests="4" skipped="0" failures="0" errors="0" timestamp="2018-03-29T09:34:13" hostname="alexsav-Lenovo-ideapad-320-15IKB" time="0.063">
  <properties/>
  <testcase name="testBasicNegativeScenario" classname="PalindromTestSuite.BasicScenarios" time="0.0"/>
  <testcase name="testBasicPositiveScenario" classname="PalindromTestSuite.BasicScenarios" time="0.0"/>
  <testcase name="testBasicNegativeScenario" classname="PalindromTestSuite.BasicScenarios" time="0.0"/>
  <testcase name="testBasicPositiveScenario" classname="PalindromTestSuite.BasicScenarios" time="0.0"/>
  <system-out><![CDATA[Basic Scenarios:
]]></system-out>
  <system-err><![CDATA[]]></system-err>
</testsuite>
