<?xml version="1.0" encoding="UTF-8"?>
<testsuite name="PalindromTestSuite.CombinedScenarios" tests="4" skipped="0" failures="0" errors="0" timestamp="2018-03-29T09:34:13" hostname="alexsav-Lenovo-ideapad-320-15IKB" time="0.021">
  <properties/>
  <testcase name="testAdvancedPositiveScenario" classname="PalindromTestSuite.CombinedScenarios" time="0.0"/>
  <testcase name="testAdvancedNegativeScenario" classname="PalindromTestSuite.CombinedScenarios" time="0.0"/>
  <testcase name="testAdvancedPositiveScenario" classname="PalindromTestSuite.CombinedScenarios" time="0.002"/>
  <testcase name="testAdvancedNegativeScenario" classname="PalindromTestSuite.CombinedScenarios" time="0.001"/>
  <system-out><![CDATA[Advanced Scenarios:
]]></system-out>
  <system-err><![CDATA[]]></system-err>
</testsuite>
