<?xml version="1.0" encoding="UTF-8"?>
<testsuite name="PalindromTestSuite.StringWithHTMLChars" tests="2" skipped="0" failures="0" errors="0" timestamp="2018-03-29T09:34:13" hostname="alexsav-Lenovo-ideapad-320-15IKB" time="0.021">
  <properties/>
  <testcase name="testWithHTMLCharset" classname="PalindromTestSuite.StringWithHTMLChars" time="0.001"/>
  <testcase name="testWithHTMLCharset" classname="PalindromTestSuite.StringWithHTMLChars" time="0.001"/>
  <system-out><![CDATA[]]></system-out>
  <system-err><![CDATA[]]></system-err>
</testsuite>
