<?xml version="1.0" encoding="UTF-8"?>
<testsuite name="ArraysMaxSize.ByteArrayTest" tests="1" skipped="0" failures="0" errors="0" timestamp="2018-03-30T16:47:40" hostname="alexsav-Lenovo-ideapad-320-15IKB" time="0.769">
  <properties/>
  <testcase name="testcreateMaxByteArray" classname="ArraysMaxSize.ByteArrayTest" time="0.769"/>
  <system-out><![CDATA[]]></system-out>
  <system-err><![CDATA[]]></system-err>
</testsuite>
