<?xml version="1.0" encoding="UTF-8"?>
<testsuite name="NumbersTest" tests="1" skipped="0" failures="0" errors="0" timestamp="2018-03-20T15:07:47" hostname="alexsav-Lenovo-ideapad-320-15IKB" time="0.054">
  <properties/>
  <testcase name="sum" classname="NumbersTest" time="0.054"/>
  <system-out><![CDATA[]]></system-out>
  <system-err><![CDATA[]]></system-err>
</testsuite>
